<?xml version="1.0" encoding="UTF-8"?>
<!-- Generated by org.testng.reporters.JUnitReportReporter -->
<testsuite hostname="DESKTOP-JJ6ULOB" failures="0" tests="1" name="com.hybridframework.module01.testcases.LoginTC001" time="1.840" errors="0" timestamp="2022-05-15T20:55:47 IST" skipped="0">
  <testcase classname="com.hybridframework.module01.testcases.LoginTC001" name="verifyLOginFunctionality" time="1.840"/>
  <system-out/>
</testsuite> <!-- com.hybridframework.module01.testcases.LoginTC001 -->
