<?xml version="1.0" encoding="UTF-8"?>
<!-- Generated by org.testng.reporters.JUnitReportReporter -->
<testsuite hostname="DESKTOP-BRBGK39" failures="0" tests="1" name="com.hybridframework.module01.testcases.Admin_TC001" time="5.908" errors="0" timestamp="2022-05-19T00:29:29 IST" skipped="0">
  <testcase classname="com.hybridframework.module01.testcases.Admin_TC001" name="AdminTC" time="5.908"/>
  <system-out/>
</testsuite> <!-- com.hybridframework.module01.testcases.Admin_TC001 -->
