<?xml version="1.0" encoding="UTF-8"?>
<!-- Generated by org.testng.reporters.JUnitReportReporter -->
<testsuite hostname="DESKTOP-BRBGK39" failures="0" tests="1" name="com.hybridframework.module01.testcases.LoginTC001" time="0.477" errors="0" timestamp="2022-05-18T23:57:28 IST" skipped="0">
  <testcase classname="com.hybridframework.module01.testcases.LoginTC001" name="verifyLOginFunctionality" time="0.477"/>
  <system-out/>
</testsuite> <!-- com.hybridframework.module01.testcases.LoginTC001 -->
