<?xml version="1.0" encoding="UTF-8"?>
<!-- Generated by org.testng.reporters.JUnitReportReporter -->
<testsuite hostname="DESKTOP-BRBGK39" failures="0" tests="2" name="com.hybridframework.module01.testcases.Home_TC001" time="0.818" errors="0" timestamp="2022-05-18T20:40:34 IST" skipped="0">
  <testcase classname="com.hybridframework.module01.testcases.Home_TC001" name="verifyLOginFunctionality" time="0.759"/>
  <system-out/>
  <testcase classname="com.hybridframework.module01.testcases.Home_TC001" name="Admin_Link" time="0.059"/>
  <system-out/>
</testsuite> <!-- com.hybridframework.module01.testcases.Home_TC001 -->
